{"name": "test_get_pet_by_tags", "status": "failed", "statusDetails": {"message": "AssertionError: assert 500 == 200\n +  where 500 = <Response [500]>.status_code", "trace": "def test_get_pet_by_tags():\n        \"\"\"\n        tries to find all pets with the given tags\n        :return:\n        \"\"\"\n        logging.info(\"trying to find pets with given tags\")\n        response = requests.get(f\"{url}/pet/findByTags\", params=\"tags=cat\", headers=header)\n>       assert response.status_code == 200\nE       assert 500 == 200\nE        +  where 500 = <Response [500]>.status_code\n\ntest.py:58: AssertionError"}, "description": "\n    tries to find all pets with the given tags\n    :return:\n    ", "start": 1659615834708, "stop": 1659615835326, "uuid": "01988b31-d147-4202-8165-c155ba275ee8", "historyId": "e4198f58eab8a5245e6b92018c123df5", "testCaseId": "e479aee7df3d8f6ce60f1e46e1f6326d", "fullName": "test#test_get_pet_by_tags", "labels": [{"name": "suite", "value": "test"}, {"name": "host", "value": "DESKTOP-V80V9RG"}, {"name": "thread", "value": "22264-MainThread"}, {"name": "framework", "value": "pytest"}, {"name": "language", "value": "cpython3"}, {"name": "package", "value": "test"}]}