{"name": "test_put_pet", "status": "failed", "statusDetails": {"message": "AssertionError: assert 500 == 200\n +  where 500 = <Response [500]>.status_code", "trace": "def test_put_pet():\n        \"\"\"\n        tries to update the name of the pet\n        :return:\n        \"\"\"\n        logging.info(\"trying to find and update the pet\")\n        response = requests.put(f\"{url}/pet\", headers=header, data={'name': 'doge'})\n>       assert response.status_code == 200\nE       assert 500 == 200\nE        +  where 500 = <Response [500]>.status_code\n\ntest.py:27: AssertionError"}, "description": "\n    tries to update the name of the pet\n    :return:\n    ", "start": 1659615832362, "stop": 1659615833343, "uuid": "71cb0b2e-7f2f-4d28-9665-5d0df92788a9", "historyId": "c786aee460d526e1abc2a61a675fefab", "testCaseId": "58e2cbfd38ada903532a4302344d1895", "fullName": "test#test_put_pet", "labels": [{"name": "suite", "value": "test"}, {"name": "host", "value": "DESKTOP-V80V9RG"}, {"name": "thread", "value": "22264-MainThread"}, {"name": "framework", "value": "pytest"}, {"name": "language", "value": "cpython3"}, {"name": "package", "value": "test"}]}